[0m14:57:53.682088 [debug] [MainThread]: Sending event: {'category': 'dbt', 'action': 'invocation', 'label': 'start', 'context': [<snowplow_tracker.self_describing_json.SelfDescribingJson object at 0x00000234B5A185F0>, <snowplow_tracker.self_describing_json.SelfDescribingJson object at 0x00000234B5A198B0>, <snowplow_tracker.self_describing_json.SelfDescribingJson object at 0x00000234B61629C0>]}


============================== 14:57:53.746132 | 18fb138e-9836-4ab5-a731-295c66eb43c5 ==============================
[0m14:57:53.746132 [info ] [MainThread]: Running with dbt=1.8.3
[0m14:57:53.753738 [debug] [MainThread]: running dbt with arguments {'printer_width': '80', 'indirect_selection': 'eager', 'write_json': 'True', 'log_cache_events': 'False', 'partial_parse': 'True', 'cache_selected_only': 'False', 'profiles_dir': 'C:\\Users\\ASUS\\.dbt', 'version_check': 'True', 'warn_error': 'None', 'log_path': 'logs', 'fail_fast': 'False', 'debug': 'False', 'use_colors': 'True', 'use_experimental_parser': 'False', 'no_print': 'None', 'quiet': 'False', 'empty': 'None', 'log_format': 'default', 'introspect': 'True', 'warn_error_options': 'WarnErrorOptions(include=[], exclude=[])', 'invocation_command': 'dbt init', 'target_path': 'None', 'static_parser': 'True', 'send_anonymous_usage_stats': 'True'}
[0m14:57:53.824622 [warn ] [MainThread]: [ConfigFolderDirectory]: Unable to parse dict {'dir': WindowsPath('C:/Users/ASUS/.dbt')}
[0m14:57:53.832822 [info ] [MainThread]: Creating dbt configuration folder at 
[0m14:58:26.030989 [debug] [MainThread]: Starter project path: C:\Users\ASUS\Desktop\datawarehouse-dbt-core\.venv\Lib\site-packages\dbt\include\starter_project
[0m14:58:26.451136 [info ] [MainThread]: 
Your new dbt project "datawarehouse" was created!

For more information on how to configure the profiles.yml file,
please consult the dbt documentation here:

  https://docs.getdbt.com/docs/configure-your-profile

One more thing:

Need help? Don't hesitate to reach out to us via GitHub issues or on Slack:

  https://community.getdbt.com/

Happy modeling!

[0m14:58:27.888310 [info ] [MainThread]: Setting up your profile.
[0m15:00:04.169968 [info ] [MainThread]: Profile datawarehouse written to C:\Users\ASUS\.dbt\profiles.yml using target's profile_template.yml and your supplied values. Run 'dbt debug' to validate the connection.
[0m15:00:04.213471 [debug] [MainThread]: Command `dbt init` succeeded at 15:00:04.213471 after 130.69 seconds
[0m15:00:04.245032 [debug] [MainThread]: Sending event: {'category': 'dbt', 'action': 'invocation', 'label': 'end', 'context': [<snowplow_tracker.self_describing_json.SelfDescribingJson object at 0x00000234B5FF54C0>, <snowplow_tracker.self_describing_json.SelfDescribingJson object at 0x00000234B64BF170>, <snowplow_tracker.self_describing_json.SelfDescribingJson object at 0x00000234B6081D30>]}
[0m15:00:04.251336 [debug] [MainThread]: Flushing usage events
